<?xml version="1.0" encoding="UTF-8"?>
<!-- Generated by org.testng.reporters.JUnitReportReporter -->
<testsuite hostname="DESKTOP-55L81PJ" failures="0" tests="5" name="extras.DemoTest" time="0.016" errors="0" timestamp="2025-06-20T14:08:07 IST" skipped="0">
  <testcase classname="extras.DemoTest" name="main1" time="0.008"/>
  <testcase classname="extras.DemoTest" name="main5" time="0.001"/>
  <testcase classname="extras.DemoTest" name="main4" time="0.002"/>
  <testcase classname="extras.DemoTest" name="main3" time="0.002"/>
  <testcase classname="extras.DemoTest" name="main2" time="0.003">
    <system-out>
      <![CDATA[test not 3]]>
    </system-out>
  </testcase> <!-- main2 -->
  <system-out>
    <![CDATA[test not 3]]>
  </system-out>
</testsuite> <!-- extras.DemoTest -->
