<?xml version="1.0" encoding="UTF-8"?>
<!-- Generated by org.testng.reporters.JUnitReportReporter -->
<testsuite hostname="DESKTOP-55L81PJ" failures="0" tests="3" name="com.crm.vtiger.Org.CreateAOrg" time="29.974" errors="0" timestamp="2025-07-06T01:21:34 IST" skipped="0">
  <testcase classname="com.crm.vtiger.Org.CreateAOrg" name="createProductTest" time="12.510">
    <system-out>
      <![CDATA[Successfully Org is created ]]>
    </system-out>
  </testcase> <!-- createProductTest -->
  <testcase classname="com.crm.vtiger.Org.CreateAOrg" name="editTheExistingOrg" time="10.951">
    <system-out>
      <![CDATA[successfully edited ]]>
    </system-out>
  </testcase> <!-- editTheExistingOrg -->
  <testcase classname="com.crm.vtiger.Org.CreateAOrg" name="deleteTheExistitngOrg" time="6.513">
    <system-out>
      <![CDATA[successfully deleted a product]]>
    </system-out>
  </testcase> <!-- deleteTheExistitngOrg -->
  <system-out>
    <![CDATA[Successfully Org is created 
successfully edited 
successfully deleted a product]]>
  </system-out>
</testsuite> <!-- com.crm.vtiger.Org.CreateAOrg -->
