<?xml version="1.0" encoding="UTF-8"?>
<!-- Generated by org.testng.reporters.JUnitReportReporter -->
<testsuite hostname="DESKTOP-55L81PJ" failures="0" tests="3" name="extras.LoginSauceDemo" time="14.368" errors="0" timestamp="2025-06-25T22:16:14 IST" skipped="0">
  <testcase classname="extras.LoginSauceDemo" name="login" time="2.849"/>
  <testcase classname="extras.LoginSauceDemo" name="login" time="3.258"/>
  <testcase classname="extras.LoginSauceDemo" name="login" time="8.261"/>
</testsuite> <!-- extras.LoginSauceDemo -->
